[debug] [2022-05-04T13:34:21.045Z] ----------------------------------------------------------------------
[debug] [2022-05-04T13:34:21.048Z] Command:       C:\Program Files\nodejs\node.exe C:\Program Files\nodejs\node_modules\firebase-tools\lib\bin\firebase.js deploy
[debug] [2022-05-04T13:34:21.048Z] CLI Version:   10.7.2
[debug] [2022-05-04T13:34:21.049Z] Platform:      win32
[debug] [2022-05-04T13:34:21.049Z] Node Version:  v14.17.3
[debug] [2022-05-04T13:34:21.053Z] Time:          Wed May 04 2022 17:34:21 GMT+0400 (Персидский залив)
[debug] [2022-05-04T13:34:21.054Z] ----------------------------------------------------------------------
[debug] 
[debug] [2022-05-04T13:34:21.294Z] > command requires scopes: ["email","openid","https://www.googleapis.com/auth/cloudplatformprojects.readonly","https://www.googleapis.com/auth/firebase","https://www.googleapis.com/auth/cloud-platform"]
[debug] [2022-05-04T13:34:21.295Z] > authorizing via signed-in user (vshakhov1994@gmail.com)
[debug] [2022-05-04T13:34:21.295Z] [iam] checking project bowling-new for permissions ["firebase.projects.get","firebasehosting.sites.update"]
[debug] [2022-05-04T13:34:21.308Z] > refreshing access token with scopes: []
[debug] [2022-05-04T13:34:21.309Z] >>> HTTP REQUEST POST https://www.googleapis.com/oauth2/v3/token  
 <request body omitted>
[debug] [2022-05-04T13:34:21.862Z] <<< HTTP RESPONSE 200 {"cache-control":"no-cache, no-store, max-age=0, must-revalidate","date":"Wed, 04 May 2022 13:34:21 GMT","expires":"Mon, 01 Jan 1990 00:00:00 GMT","pragma":"no-cache","content-type":"application/json; charset=utf-8","vary":"X-Origin, Referer, Origin,Accept-Encoding","server":"scaffolding on HTTPServer2","x-xss-protection":"0","x-frame-options":"SAMEORIGIN","x-content-type-options":"nosniff","alt-svc":"h3=\":443\"; ma=2592000,h3-29=\":443\"; ma=2592000,h3-Q050=\":443\"; ma=2592000,h3-Q046=\":443\"; ma=2592000,h3-Q043=\":443\"; ma=2592000,quic=\":443\"; ma=2592000; v=\"46,43\"","accept-ranges":"none","transfer-encoding":"chunked"}
[debug] [2022-05-04T13:34:21.899Z] >>> [apiv2][query] POST https://cloudresourcemanager.googleapis.com/v1/projects/bowling-new:testIamPermissions [none]
[debug] [2022-05-04T13:34:21.899Z] >>> [apiv2][body] POST https://cloudresourcemanager.googleapis.com/v1/projects/bowling-new:testIamPermissions {"permissions":["firebase.projects.get","firebasehosting.sites.update"]}
[debug] [2022-05-04T13:34:23.171Z] <<< [apiv2][status] POST https://cloudresourcemanager.googleapis.com/v1/projects/bowling-new:testIamPermissions 200
[debug] [2022-05-04T13:34:23.171Z] <<< [apiv2][body] POST https://cloudresourcemanager.googleapis.com/v1/projects/bowling-new:testIamPermissions {"permissions":["firebase.projects.get","firebasehosting.sites.update"]}
[debug] [2022-05-04T13:34:23.173Z] >>> [apiv2][query] GET https://firebase.googleapis.com/v1beta1/projects/bowling-new [none]
[debug] [2022-05-04T13:34:23.914Z] <<< [apiv2][status] GET https://firebase.googleapis.com/v1beta1/projects/bowling-new 200
[debug] [2022-05-04T13:34:23.915Z] <<< [apiv2][body] GET https://firebase.googleapis.com/v1beta1/projects/bowling-new {"projectId":"bowling-new","projectNumber":"830538472398","displayName":"bowling-new","name":"projects/bowling-new","resources":{"hostingSite":"bowling-new"},"state":"ACTIVE"}
[info] 
[info] === Deploying to 'bowling-new'...
[info] 
[info] i  deploying hosting 
[debug] [2022-05-04T13:34:23.926Z] >>> [apiv2][query] GET https://firebase.googleapis.com/v1beta1/projects/bowling-new [none]
[debug] [2022-05-04T13:34:24.625Z] <<< [apiv2][status] GET https://firebase.googleapis.com/v1beta1/projects/bowling-new 200
[debug] [2022-05-04T13:34:24.625Z] <<< [apiv2][body] GET https://firebase.googleapis.com/v1beta1/projects/bowling-new {"projectId":"bowling-new","projectNumber":"830538472398","displayName":"bowling-new","name":"projects/bowling-new","resources":{"hostingSite":"bowling-new"},"state":"ACTIVE"}
[debug] [2022-05-04T13:34:24.627Z] >>> [apiv2][query] POST https://firebasehosting.googleapis.com/v1beta1/projects/830538472398/sites/bowling-new/versions [none]
[debug] [2022-05-04T13:34:24.627Z] >>> [apiv2][body] POST https://firebasehosting.googleapis.com/v1beta1/projects/830538472398/sites/bowling-new/versions {"config":{},"labels":{"deployment-tool":"cli-firebase"}}
